Compilación iniciada a las 15/10/2015 4:05:03 .
     1>Proyecto "C:\Users\Usuari\Desktop\Documents\Visual Studio 2013\Projects\TXTTOBIN\TXTTOBIN\TXTTOBIN.vcxproj" en el nodo 2 (Build destinos).
     1>ClCompile:
         C:\Program Files (x86)\Microsoft Visual Studio 14.0\VC\bin\CL.exe /c /ZI /nologo /W3 /WX- /sdl /Od /Oy- /D _MBCS /Gm /EHsc /RTC1 /MDd /GS /fp:precise /Zc:wchar_t /Zc:forScope /Zc:inline /Fo"Debug\\" /Fd"Debug\vc140.pdb" /Gd /TP /analyze- /errorReport:prompt Source.cpp
         Source.cpp
     1>c:\users\usuari\desktop\documents\visual studio 2013\projects\txttobin\txttobin\source.cpp(95): warning C4473: "fscanf_s": no se pasaron suficientes argumentos para la cadena de formato
         c:\users\usuari\desktop\documents\visual studio 2013\projects\txttobin\txttobin\source.cpp(95): note: placeholders and their parameters expect 2 variadic arguments, but 1 were provided
         c:\users\usuari\desktop\documents\visual studio 2013\projects\txttobin\txttobin\source.cpp(95): note: the missing variadic argument 2 is required by format string '%c'
         c:\users\usuari\desktop\documents\visual studio 2013\projects\txttobin\txttobin\source.cpp(95): note: this argument is used as a buffer size
     1>c:\users\usuari\desktop\documents\visual studio 2013\projects\txttobin\txttobin\source.cpp(122): warning C4473: "fscanf_s": no se pasaron suficientes argumentos para la cadena de formato
         c:\users\usuari\desktop\documents\visual studio 2013\projects\txttobin\txttobin\source.cpp(122): note: placeholders and their parameters expect 2 variadic arguments, but 1 were provided
         c:\users\usuari\desktop\documents\visual studio 2013\projects\txttobin\txttobin\source.cpp(122): note: the missing variadic argument 2 is required by format string '%c'
         c:\users\usuari\desktop\documents\visual studio 2013\projects\txttobin\txttobin\source.cpp(122): note: this argument is used as a buffer size
     1>c:\users\usuari\desktop\documents\visual studio 2013\projects\txttobin\txttobin\source.cpp(144): warning C4473: "fscanf_s": no se pasaron suficientes argumentos para la cadena de formato
         c:\users\usuari\desktop\documents\visual studio 2013\projects\txttobin\txttobin\source.cpp(144): note: placeholders and their parameters expect 2 variadic arguments, but 1 were provided
         c:\users\usuari\desktop\documents\visual studio 2013\projects\txttobin\txttobin\source.cpp(144): note: the missing variadic argument 2 is required by format string '%c'
         c:\users\usuari\desktop\documents\visual studio 2013\projects\txttobin\txttobin\source.cpp(144): note: this argument is used as a buffer size
     1>c:\users\usuari\desktop\documents\visual studio 2013\projects\txttobin\txttobin\source.cpp(156): warning C4473: "fscanf_s": no se pasaron suficientes argumentos para la cadena de formato
         c:\users\usuari\desktop\documents\visual studio 2013\projects\txttobin\txttobin\source.cpp(156): note: placeholders and their parameters expect 2 variadic arguments, but 1 were provided
         c:\users\usuari\desktop\documents\visual studio 2013\projects\txttobin\txttobin\source.cpp(156): note: the missing variadic argument 2 is required by format string '%c'
         c:\users\usuari\desktop\documents\visual studio 2013\projects\txttobin\txttobin\source.cpp(156): note: this argument is used as a buffer size
     1>c:\users\usuari\desktop\documents\visual studio 2013\projects\txttobin\txttobin\source.cpp(160): warning C4473: "fscanf_s": no se pasaron suficientes argumentos para la cadena de formato
         c:\users\usuari\desktop\documents\visual studio 2013\projects\txttobin\txttobin\source.cpp(160): note: placeholders and their parameters expect 2 variadic arguments, but 1 were provided
         c:\users\usuari\desktop\documents\visual studio 2013\projects\txttobin\txttobin\source.cpp(160): note: the missing variadic argument 2 is required by format string '%c'
         c:\users\usuari\desktop\documents\visual studio 2013\projects\txttobin\txttobin\source.cpp(160): note: this argument is used as a buffer size
     1>c:\users\usuari\desktop\documents\visual studio 2013\projects\txttobin\txttobin\source.cpp(179): warning C4473: "fscanf_s": no se pasaron suficientes argumentos para la cadena de formato
         c:\users\usuari\desktop\documents\visual studio 2013\projects\txttobin\txttobin\source.cpp(179): note: placeholders and their parameters expect 2 variadic arguments, but 1 were provided
         c:\users\usuari\desktop\documents\visual studio 2013\projects\txttobin\txttobin\source.cpp(179): note: the missing variadic argument 2 is required by format string '%c'
         c:\users\usuari\desktop\documents\visual studio 2013\projects\txttobin\txttobin\source.cpp(179): note: this argument is used as a buffer size
     1>c:\users\usuari\desktop\documents\visual studio 2013\projects\txttobin\txttobin\source.cpp(181): warning C4473: "fscanf_s": no se pasaron suficientes argumentos para la cadena de formato
         c:\users\usuari\desktop\documents\visual studio 2013\projects\txttobin\txttobin\source.cpp(181): note: placeholders and their parameters expect 2 variadic arguments, but 1 were provided
         c:\users\usuari\desktop\documents\visual studio 2013\projects\txttobin\txttobin\source.cpp(181): note: the missing variadic argument 2 is required by format string '%c'
         c:\users\usuari\desktop\documents\visual studio 2013\projects\txttobin\txttobin\source.cpp(181): note: this argument is used as a buffer size
     1>c:\users\usuari\desktop\documents\visual studio 2013\projects\txttobin\txttobin\source.cpp(186): warning C4473: "fscanf_s": no se pasaron suficientes argumentos para la cadena de formato
         c:\users\usuari\desktop\documents\visual studio 2013\projects\txttobin\txttobin\source.cpp(186): note: placeholders and their parameters expect 2 variadic arguments, but 1 were provided
         c:\users\usuari\desktop\documents\visual studio 2013\projects\txttobin\txttobin\source.cpp(186): note: the missing variadic argument 2 is required by format string '%c'
         c:\users\usuari\desktop\documents\visual studio 2013\projects\txttobin\txttobin\source.cpp(186): note: this argument is used as a buffer size
       Link:
         C:\Program Files (x86)\Microsoft Visual Studio 14.0\VC\bin\link.exe /ERRORREPORT:PROMPT /OUT:"C:\Users\Usuari\Desktop\Documents\Visual Studio 2013\Projects\TXTTOBIN\Debug\TXTTOBIN.exe" /INCREMENTAL /NOLOGO kernel32.lib user32.lib gdi32.lib winspool.lib comdlg32.lib advapi32.lib shell32.lib ole32.lib oleaut32.lib uuid.lib odbc32.lib odbccp32.lib /MANIFEST /MANIFESTUAC:"level='asInvoker' uiAccess='false'" /manifest:embed /Debug /PDB:"C:\Users\Usuari\Desktop\Documents\Visual Studio 2013\Projects\TXTTOBIN\Debug\TXTTOBIN.pdb" /TLBID:1 /DYNAMICBASE /NXCOMPAT /IMPLIB:"C:\Users\Usuari\Desktop\Documents\Visual Studio 2013\Projects\TXTTOBIN\Debug\TXTTOBIN.lib" /MACHINE:X86 Debug\Source.obj
         TXTTOBIN.vcxproj -> C:\Users\Usuari\Desktop\Documents\Visual Studio 2013\Projects\TXTTOBIN\Debug\TXTTOBIN.exe
     1>Compilación del proyecto terminada "C:\Users\Usuari\Desktop\Documents\Visual Studio 2013\Projects\TXTTOBIN\TXTTOBIN\TXTTOBIN.vcxproj" (Build destinos).

Compilación correcta.

Tiempo transcurrido 00:00:05.75
